<?xml version="1.0" encoding="UTF-8"?>
<!-- Generated by org.testng.reporters.JUnitXMLReporter -->
<testsuite hostname="DESKTOP-EFMBFF3" ignored="0" name="JsonParsingSuite" tests="3" failures="0" timestamp="07 Oct 2018 17:03:08 GMT" time="0.013" errors="0">
  <testcase name="json_write_test" time="0.001" classname="json.parsing.JsonWritingExample"/>
  <testcase name="json_read_test" time="0.007" classname="json.parsing.JsonReadExample"/>
  <testcase name="delete_file_test" time="0.001" classname="json.parsing.DeleteTestData"/>
</testsuite> <!-- JsonParsingSuite -->
