<?xml version="1.0" encoding="UTF-8"?>
<testng-results skipped="0" failed="0" ignored="0" total="1" passed="1">
  <reporter-output>
  </reporter-output>
  <suite name="Default suite" duration-ms="55" started-at="2018-10-07T18:06:25Z" finished-at="2018-10-07T18:06:25Z">
    <groups>
    </groups>
    <test name="Default test" duration-ms="55" started-at="2018-10-07T18:06:25Z" finished-at="2018-10-07T18:06:25Z">
      <class name="json.parsing.DeleteTestData">
        <test-method status="PASS" signature="delete_file_test()[pri:0, instance:json.parsing.DeleteTestData@39aeed2f]" name="delete_file_test" duration-ms="13" started-at="2018-10-07T18:06:25Z" finished-at="2018-10-07T18:06:25Z">
          <reporter-output>
          </reporter-output>
        </test-method> <!-- delete_file_test -->
      </class> <!-- json.parsing.DeleteTestData -->
    </test> <!-- Default test -->
  </suite> <!-- Default suite -->
</testng-results>
