<?xml version="1.0" encoding="UTF-8"?>
<testsuite xmlns:xsi="http://www.w3.org/2001/XMLSchema-instance" xsi:noNamespaceSchemaLocation="https://maven.apache.org/surefire/maven-surefire-plugin/xsd/surefire-test-report.xsd" name="TestSuite" time="3.972" tests="12" errors="0" skipped="0" failures="0">
  <properties>
[...]
</properties>
  <testcase name="simple_getTest" classname="api.testing.GetExamples" time="2.621"/>
  <testcase name="simple_getTest1" classname="api.testing.GetExamples" time="0.107"/>
  <testcase name="create_posttest" classname="api.testing.PostExamples" time="0.106"/>
  <testcase name="create_posttest1" classname="api.testing.PostExamples" time="0.113"/>
  <testcase name="update_put_test" classname="api.testing.PutExamples" time="0.063"/>
  <testcase name="update_put_test1" classname="api.testing.PutExamples" time="0.059"/>
  <testcase name="delete_test" classname="api.testing.DeleteExamples" time="0.044"/>
  <testcase name="delete_test1" classname="api.testing.DeleteExamples" time="0.039"/>
  <testcase name="options_test" classname="api.testing.OptionsExamples" time="0.022"/>
  <testcase name="json_write_test" classname="json.parsing.JsonWritingExample" time="0.002"/>
  <testcase name="json_read_test" classname="json.parsing.JsonReadExample" time="0.009"/>
  <testcase name="delete_file_test" classname="json.parsing.DeleteTestData" time="0.001"/>
</testsuite>