<?xml version="1.0" encoding="UTF-8"?>
<testng-results skipped="0" failed="0" ignored="0" total="12" passed="12">
  <reporter-output>
  </reporter-output>
  <suite name="Suite" duration-ms="3212" started-at="2018-10-07T17:03:04Z" finished-at="2018-10-07T17:03:08Z">
    <groups>
    </groups>
    <test name="JsonValidationSuite" duration-ms="3212" started-at="2018-10-07T17:03:04Z" finished-at="2018-10-07T17:03:08Z">
      <class name="api.testing.DeleteExamples">
        <test-method status="PASS" signature="delete_test()[pri:0, instance:api.testing.DeleteExamples@13fee20c]" name="delete_test" duration-ms="43" started-at="2018-10-07T17:03:07Z" finished-at="2018-10-07T17:03:08Z">
          <reporter-output>
          </reporter-output>
        </test-method> <!-- delete_test -->
        <test-method status="PASS" signature="delete_test1()[pri:0, instance:api.testing.DeleteExamples@13fee20c]" name="delete_test1" duration-ms="39" started-at="2018-10-07T17:03:08Z" finished-at="2018-10-07T17:03:08Z">
          <reporter-output>
          </reporter-output>
        </test-method> <!-- delete_test1 -->
      </class> <!-- api.testing.DeleteExamples -->
      <class name="api.testing.OptionsExamples">
        <test-method status="PASS" signature="options_test()[pri:0, instance:api.testing.OptionsExamples@4e04a765]" name="options_test" duration-ms="20" started-at="2018-10-07T17:03:08Z" finished-at="2018-10-07T17:03:08Z">
          <reporter-output>
          </reporter-output>
        </test-method> <!-- options_test -->
      </class> <!-- api.testing.OptionsExamples -->
      <class name="api.testing.GetExamples">
        <test-method status="PASS" signature="simple_getTest()[pri:0, instance:api.testing.GetExamples@5f2050f6]" name="simple_getTest" duration-ms="2621" started-at="2018-10-07T17:03:04Z" finished-at="2018-10-07T17:03:07Z">
          <reporter-output>
          </reporter-output>
        </test-method> <!-- simple_getTest -->
        <test-method status="PASS" signature="simple_getTest1()[pri:0, instance:api.testing.GetExamples@5f2050f6]" name="simple_getTest1" duration-ms="107" started-at="2018-10-07T17:03:07Z" finished-at="2018-10-07T17:03:07Z">
          <reporter-output>
          </reporter-output>
        </test-method> <!-- simple_getTest1 -->
      </class> <!-- api.testing.GetExamples -->
      <class name="api.testing.PostExamples">
        <test-method status="PASS" signature="create_posttest()[pri:0, instance:api.testing.PostExamples@3b81a1bc]" name="create_posttest" duration-ms="106" started-at="2018-10-07T17:03:07Z" finished-at="2018-10-07T17:03:07Z">
          <reporter-output>
          </reporter-output>
        </test-method> <!-- create_posttest -->
        <test-method status="PASS" signature="create_posttest1()[pri:0, instance:api.testing.PostExamples@3b81a1bc]" name="create_posttest1" duration-ms="97" started-at="2018-10-07T17:03:07Z" finished-at="2018-10-07T17:03:07Z">
          <reporter-output>
          </reporter-output>
        </test-method> <!-- create_posttest1 -->
      </class> <!-- api.testing.PostExamples -->
      <class name="api.testing.PutExamples">
        <test-method status="PASS" signature="update_put_test()[pri:0, instance:api.testing.PutExamples@64616ca2]" name="update_put_test" duration-ms="78" started-at="2018-10-07T17:03:07Z" finished-at="2018-10-07T17:03:07Z">
          <reporter-output>
          </reporter-output>
        </test-method> <!-- update_put_test -->
        <test-method status="PASS" signature="update_put_test1()[pri:0, instance:api.testing.PutExamples@64616ca2]" name="update_put_test1" duration-ms="59" started-at="2018-10-07T17:03:07Z" finished-at="2018-10-07T17:03:07Z">
          <reporter-output>
          </reporter-output>
        </test-method> <!-- update_put_test1 -->
      </class> <!-- api.testing.PutExamples -->
    </test> <!-- JsonValidationSuite -->
  </suite> <!-- Suite -->
  <suite name="Suite (0)" duration-ms="13" started-at="2018-10-07T17:03:08Z" finished-at="2018-10-07T17:03:08Z">
    <groups>
    </groups>
    <test name="JsonParsingSuite" duration-ms="13" started-at="2018-10-07T17:03:08Z" finished-at="2018-10-07T17:03:08Z">
      <class name="json.parsing.JsonReadExample">
        <test-method status="PASS" signature="json_read_test()[pri:0, instance:json.parsing.JsonReadExample@2c9f9fb0]" name="json_read_test" duration-ms="7" started-at="2018-10-07T17:03:08Z" finished-at="2018-10-07T17:03:08Z">
          <reporter-output>
          </reporter-output>
        </test-method> <!-- json_read_test -->
      </class> <!-- json.parsing.JsonReadExample -->
      <class name="json.parsing.JsonWritingExample">
        <test-method status="PASS" signature="json_write_test()[pri:0, instance:json.parsing.JsonWritingExample@735b478]" name="json_write_test" duration-ms="1" started-at="2018-10-07T17:03:08Z" finished-at="2018-10-07T17:03:08Z">
          <reporter-output>
          </reporter-output>
        </test-method> <!-- json_write_test -->
      </class> <!-- json.parsing.JsonWritingExample -->
      <class name="json.parsing.DeleteTestData">
        <test-method status="PASS" signature="delete_file_test()[pri:0, instance:json.parsing.DeleteTestData@2096442d]" name="delete_file_test" duration-ms="1" started-at="2018-10-07T17:03:08Z" finished-at="2018-10-07T17:03:08Z">
          <reporter-output>
          </reporter-output>
        </test-method> <!-- delete_file_test -->
      </class> <!-- json.parsing.DeleteTestData -->
    </test> <!-- JsonParsingSuite -->
  </suite> <!-- Suite (0) -->
</testng-results>
