<?xml version="1.0" encoding="UTF-8"?>
<!-- Generated by org.testng.reporters.JUnitXMLReporter -->
<testsuite hostname="DESKTOP-EFMBFF3" ignored="0" name="JsonValidationSuite" tests="9" failures="0" timestamp="07 Oct 2018 17:03:08 GMT" time="3.212" errors="0">
  <testcase name="simple_getTest" time="2.621" classname="api.testing.GetExamples"/>
  <testcase name="simple_getTest1" time="0.107" classname="api.testing.GetExamples"/>
  <testcase name="create_posttest" time="0.106" classname="api.testing.PostExamples"/>
  <testcase name="create_posttest1" time="0.097" classname="api.testing.PostExamples"/>
  <testcase name="update_put_test" time="0.078" classname="api.testing.PutExamples"/>
  <testcase name="update_put_test1" time="0.059" classname="api.testing.PutExamples"/>
  <testcase name="delete_test" time="0.043" classname="api.testing.DeleteExamples"/>
  <testcase name="delete_test1" time="0.039" classname="api.testing.DeleteExamples"/>
  <testcase name="options_test" time="0.02" classname="api.testing.OptionsExamples"/>
</testsuite> <!-- JsonValidationSuite -->
